#
# There is insufficient memory for the Java Runtime Environment to continue.
# Native memory allocation (mmap) failed to map 44040192 bytes for G1 virtual space
# Possible reasons:
#   The system is out of physical RAM or swap space
#   The process is running with CompressedOops enabled, and the Java Heap may be blocking the growth of the native heap
# Possible solutions:
#   Reduce memory load on the system
#   Increase physical memory or swap space
#   Check if swap backing store is full
#   Decrease Java heap size (-Xmx/-Xms)
#   Decrease number of Java threads
#   Decrease Java thread stack sizes (-Xss)
#   Set larger code cache with -XX:ReservedCodeCacheSize=
#   JVM is running with Unscaled Compressed Oops mode in which the Java heap is
#     placed in the first 4GB address space. The Java Heap base address is the
#     maximum limit for the native heap growth. Please use -XX:HeapBaseMinAddress
#     to set the Java Heap base and to place the Java Heap above 4GB virtual address.
# This output file may be truncated or incomplete.
#
#  Out of Memory Error (os_windows.cpp:3613), pid=10668, tid=14380
#
# JRE version: OpenJDK Runtime Environment Corretto-17.0.9.8.1 (17.0.9+8) (build 17.0.9+8-LTS)
# Java VM: OpenJDK 64-Bit Server VM Corretto-17.0.9.8.1 (17.0.9+8-LTS, mixed mode, emulated-client, sharing, tiered, compressed oops, compressed class ptrs, g1 gc, windows-amd64)
# No core dump will be written. Minidumps are not enabled by default on client versions of Windows
#

---------------  S U M M A R Y ------------

Command Line: -XX:TieredStopAtLevel=1 -Dspring.output.ansi.enabled=always -Dcom.sun.management.jmxremote -Dspring.jmx.enabled=true -Dspring.liveBeansView.mbeanDomain -Dspring.application.admin.enabled=true -Dmanagement.endpoints.jmx.exposure.include=* -javaagent:E:\App\IntelliJ IDEA 2023.3\lib\idea_rt.jar=57186:E:\App\IntelliJ IDEA 2023.3\bin -Dfile.encoding=UTF-8 com.example.demo.UberDoctorApplication

Host: Intel(R) Core(TM) i5-8250U CPU @ 1.60GHz, 8 cores, 7G,  Windows 11 , 64 bit Build 22621 (10.0.22621.2506)
Time: Fri Dec 22 19:22:03 2023 SE Asia Standard Time elapsed time: 15.335750 seconds (0d 0h 0m 15s)

---------------  T H R E A D  ---------------

Current thread (0x0000020660471580):  VMThread "VM Thread" [stack: 0x0000004dbdb00000,0x0000004dbdc00000] [id=14380]

Stack: [0x0000004dbdb00000,0x0000004dbdc00000]
Native frames: (J=compiled Java code, j=interpreted, Vv=VM code, C=native code)
V  [jvm.dll+0x67cb49]
V  [jvm.dll+0x8344da]
V  [jvm.dll+0x835f9e]
V  [jvm.dll+0x836603]
V  [jvm.dll+0x247b5f]
V  [jvm.dll+0x679969]
V  [jvm.dll+0x66e2ba]
V  [jvm.dll+0x307a5b]
V  [jvm.dll+0x30ef06]
V  [jvm.dll+0x35ecee]
V  [jvm.dll+0x35ef1f]
V  [jvm.dll+0x2de658]
V  [jvm.dll+0x2dc834]
V  [jvm.dll+0x2dbe3c]
V  [jvm.dll+0x31fedb]
V  [jvm.dll+0x83aafb]
V  [jvm.dll+0x83b841]
V  [jvm.dll+0x83bd5d]
V  [jvm.dll+0x83c134]
V  [jvm.dll+0x83c200]
V  [jvm.dll+0x7e396a]
V  [jvm.dll+0x67ba35]
C  [ucrtbase.dll+0x29363]
C  [KERNEL32.DLL+0x1257d]
C  [ntdll.dll+0x5aa58]

VM_Operation (0x0000004dbf1fbbc0): G1CollectForAllocation, mode: safepoint, requested by thread 0x0000020665603f20


---------------  P R O C E S S  ---------------

Threads class SMR info:
_java_thread_list=0x00000206664c1960, length=22, elements={
0x000002064e371cf0, 0x0000020660476190, 0x0000020660477010, 0x00000206604898c0,
0x000002066048a740, 0x000002066048ec90, 0x000002066048f650, 0x0000020660490420,
0x0000020660490e20, 0x000002066067a680, 0x00000206650ce760, 0x00000206650cf040,
0x000002066527b060, 0x00000206655dcf60, 0x0000020665603f20, 0x00000206656ab850,
0x00000206661548f0, 0x00000206664df590, 0x0000020665fc6570, 0x0000020665fc6f90,
0x0000020665fc6060, 0x0000020665fc6a80
}

Java Threads: ( => current thread )
  0x000002064e371cf0 JavaThread "main" [_thread_blocked, id=7728, stack(0x0000004dbd500000,0x0000004dbd600000)]
  0x0000020660476190 JavaThread "Reference Handler" daemon [_thread_blocked, id=12228, stack(0x0000004dbdc00000,0x0000004dbdd00000)]
  0x0000020660477010 JavaThread "Finalizer" daemon [_thread_blocked, id=14564, stack(0x0000004dbdd00000,0x0000004dbde00000)]
  0x00000206604898c0 JavaThread "Signal Dispatcher" daemon [_thread_blocked, id=11660, stack(0x0000004dbde00000,0x0000004dbdf00000)]
  0x000002066048a740 JavaThread "Attach Listener" daemon [_thread_blocked, id=13492, stack(0x0000004dbdf00000,0x0000004dbe000000)]
  0x000002066048ec90 JavaThread "Service Thread" daemon [_thread_blocked, id=8788, stack(0x0000004dbe000000,0x0000004dbe100000)]
  0x000002066048f650 JavaThread "Monitor Deflation Thread" daemon [_thread_blocked, id=6384, stack(0x0000004dbe100000,0x0000004dbe200000)]
  0x0000020660490420 JavaThread "C1 CompilerThread0" daemon [_thread_blocked, id=1388, stack(0x0000004dbe200000,0x0000004dbe300000)]
  0x0000020660490e20 JavaThread "Sweeper thread" daemon [_thread_blocked, id=11700, stack(0x0000004dbe300000,0x0000004dbe400000)]
  0x000002066067a680 JavaThread "Common-Cleaner" daemon [_thread_blocked, id=14212, stack(0x0000004dbe400000,0x0000004dbe500000)]
  0x00000206650ce760 JavaThread "Monitor Ctrl-Break" daemon [_thread_in_native, id=14972, stack(0x0000004dbe500000,0x0000004dbe600000)]
  0x00000206650cf040 JavaThread "Notification Thread" daemon [_thread_blocked, id=12120, stack(0x0000004dbe600000,0x0000004dbe700000)]
  0x000002066527b060 JavaThread "RMI TCP Accept-0" daemon [_thread_in_native, id=12364, stack(0x0000004dbe700000,0x0000004dbe800000)]
  0x00000206655dcf60 JavaThread "Thread-0" [_thread_blocked, id=15356, stack(0x0000004dbf000000,0x0000004dbf100000)]
  0x0000020665603f20 JavaThread "restartedMain" [_thread_blocked, id=10080, stack(0x0000004dbf100000,0x0000004dbf200000)]
  0x00000206656ab850 JavaThread "C1 CompilerThread1" daemon [_thread_blocked, id=5876, stack(0x0000004dbf200000,0x0000004dbf300000)]
  0x00000206661548f0 JavaThread "Catalina-utility-1" [_thread_blocked, id=5808, stack(0x0000004dbf400000,0x0000004dbf500000)]
  0x00000206664df590 JavaThread "Catalina-utility-2" [_thread_blocked, id=14764, stack(0x0000004dbf500000,0x0000004dbf600000)]
  0x0000020665fc6570 JavaThread "container-0" [_thread_blocked, id=12008, stack(0x0000004dbf600000,0x0000004dbf700000)]
  0x0000020665fc6f90 JavaThread "PostgreSQL-JDBC-Cleaner" daemon [_thread_blocked, id=13768, stack(0x0000004dbf800000,0x0000004dbf900000)]
  0x0000020665fc6060 JavaThread "HikariPool-1 housekeeper" daemon [_thread_blocked, id=14596, stack(0x0000004dbf900000,0x0000004dbfa00000)]
  0x0000020665fc6a80 JavaThread "HikariPool-1 connection adder" daemon [_thread_blocked, id=4416, stack(0x0000004dbfa00000,0x0000004dbfb00000)]

Other Threads:
=>0x0000020660471580 VMThread "VM Thread" [stack: 0x0000004dbdb00000,0x0000004dbdc00000] [id=14380]
  0x0000020665280ce0 WatcherThread [stack: 0x0000004dbe800000,0x0000004dbe900000] [id=8240]
  0x000002064e3ced60 GCTaskThread "GC Thread#0" [stack: 0x0000004dbd600000,0x0000004dbd700000] [id=10908]
  0x00000206655c43d0 GCTaskThread "GC Thread#1" [stack: 0x0000004dbe900000,0x0000004dbea00000] [id=6768]
  0x0000020665588570 GCTaskThread "GC Thread#2" [stack: 0x0000004dbea00000,0x0000004dbeb00000] [id=3772]
  0x000002066556db10 GCTaskThread "GC Thread#3" [stack: 0x0000004dbeb00000,0x0000004dbec00000] [id=13416]
  0x00000206655f3710 GCTaskThread "GC Thread#4" [stack: 0x0000004dbec00000,0x0000004dbed00000] [id=15280]
  0x00000206655f79e0 GCTaskThread "GC Thread#5" [stack: 0x0000004dbed00000,0x0000004dbee00000] [id=8340]
  0x00000206655f7ca0 GCTaskThread "GC Thread#6" [stack: 0x0000004dbee00000,0x0000004dbef00000] [id=14928]
  0x00000206655f7f60 GCTaskThread "GC Thread#7" [stack: 0x0000004dbef00000,0x0000004dbf000000] [id=4732]
  0x000002064e3df830 ConcurrentGCThread "G1 Main Marker" [stack: 0x0000004dbd700000,0x0000004dbd800000] [id=8312]
  0x000002064e3e0250 ConcurrentGCThread "G1 Conc#0" [stack: 0x0000004dbd800000,0x0000004dbd900000] [id=372]
  0x0000020665d38560 ConcurrentGCThread "G1 Conc#1" [stack: 0x0000004dbf300000,0x0000004dbf400000] [id=3988]
  0x000002066032c130 ConcurrentGCThread "G1 Refine#0" [stack: 0x0000004dbd900000,0x0000004dbda00000] [id=2616]
  0x000002066032c970 ConcurrentGCThread "G1 Service" [stack: 0x0000004dbda00000,0x0000004dbdb00000] [id=14856]

Threads with active compile tasks:

VM state: at safepoint (normal execution)

VM Mutex/Monitor currently owned by a thread:  ([mutex/lock_event])
[0x000002064e36d460] Threads_lock - owner thread: 0x0000020660471580
[0x000002064e36dbb0] Heap_lock - owner thread: 0x0000020665603f20

Heap address: 0x0000000082400000, size: 2012 MB, Compressed Oops mode: 32-bit

CDS archive(s) mapped at: [0x0000020600000000-0x0000020600ba0000-0x0000020600ba0000), size 12189696, SharedBaseAddress: 0x0000020600000000, ArchiveRelocationMode: 1.
Compressed class space mapped at: 0x0000020601000000-0x0000020641000000, reserved size: 1073741824
Narrow klass base: 0x0000020600000000, Narrow klass shift: 0, Narrow klass range: 0x100000000

GC Precious Log:
 CPUs: 8 total, 8 available
 Memory: 8045M
 Large Page Support: Disabled
 NUMA Support: Disabled
 Compressed Oops: Enabled (32-bit)
 Heap Region Size: 1M
 Heap Min Capacity: 8M
 Heap Initial Capacity: 126M
 Heap Max Capacity: 2012M
 Pre-touch: Disabled
 Parallel Workers: 8
 Concurrent Workers: 2
 Concurrent Refinement Workers: 8
 Periodic GC: Disabled

Heap:
 garbage-first heap   total 55296K, used 24025K [0x0000000082400000, 0x0000000100000000)
  region size 1024K, 2 young (2048K), 2 survivors (2048K)
 Metaspace       used 45115K, committed 45632K, reserved 1114112K
  class space    used 6361K, committed 6592K, reserved 1048576K

Heap Regions: E=young(eden), S=young(survivor), O=old, HS=humongous(starts), HC=humongous(continues), CS=collection set, F=free, OA=open archive, CA=closed archive, TAMS=top-at-mark-start (previous, next)
|   0|0x0000000082400000, 0x0000000082500000, 0x0000000082500000|100%|HS|  |TAMS 0x0000000082500000, 0x0000000082400000| Complete 
|   1|0x0000000082500000, 0x0000000082600000, 0x0000000082600000|100%| O|  |TAMS 0x0000000082600000, 0x0000000082500000| Untracked 
|   2|0x0000000082600000, 0x0000000082700000, 0x0000000082700000|100%| O|  |TAMS 0x0000000082700000, 0x0000000082600000| Untracked 
|   3|0x0000000082700000, 0x0000000082800000, 0x0000000082800000|100%| O|  |TAMS 0x0000000082800000, 0x0000000082700000| Untracked 
|   4|0x0000000082800000, 0x0000000082900000, 0x0000000082900000|100%| O|  |TAMS 0x0000000082900000, 0x0000000082800000| Untracked 
|   5|0x0000000082900000, 0x0000000082a00000, 0x0000000082a00000|100%| O|  |TAMS 0x0000000082a00000, 0x0000000082900000| Untracked 
|   6|0x0000000082a00000, 0x0000000082b00000, 0x0000000082b00000|100%| O|  |TAMS 0x0000000082b00000, 0x0000000082a00000| Untracked 
|   7|0x0000000082b00000, 0x0000000082c00000, 0x0000000082c00000|100%| O|  |TAMS 0x0000000082c00000, 0x0000000082b00000| Untracked 
|   8|0x0000000082c00000, 0x0000000082d00000, 0x0000000082d00000|100%| O|  |TAMS 0x0000000082d00000, 0x0000000082c00000| Untracked 
|   9|0x0000000082d00000, 0x0000000082e00000, 0x0000000082e00000|100%| O|  |TAMS 0x0000000082e00000, 0x0000000082d00000| Untracked 
|  10|0x0000000082e00000, 0x0000000082f00000, 0x0000000082f00000|100%| O|  |TAMS 0x0000000082f00000, 0x0000000082e00000| Untracked 
|  11|0x0000000082f00000, 0x0000000083000000, 0x0000000083000000|100%| O|  |TAMS 0x0000000083000000, 0x0000000082f00000| Untracked 
|  12|0x0000000083000000, 0x0000000083100000, 0x0000000083100000|100%| O|  |TAMS 0x0000000083100000, 0x0000000083000000| Untracked 
|  13|0x0000000083100000, 0x0000000083200000, 0x0000000083200000|100%| O|  |TAMS 0x0000000083200000, 0x0000000083100000| Untracked 
|  14|0x0000000083200000, 0x0000000083300000, 0x0000000083300000|100%| O|  |TAMS 0x0000000083300000, 0x0000000083200000| Untracked 
|  15|0x0000000083300000, 0x0000000083400000, 0x0000000083400000|100%| O|  |TAMS 0x0000000083400000, 0x0000000083300000| Untracked 
|  16|0x0000000083400000, 0x0000000083400000, 0x0000000083500000|  0%| F|  |TAMS 0x0000000083400000, 0x0000000083400000| Untracked 
|  17|0x0000000083500000, 0x0000000083600000, 0x0000000083600000|100%| O|  |TAMS 0x0000000083600000, 0x0000000083500000| Untracked 
|  18|0x0000000083600000, 0x0000000083700000, 0x0000000083700000|100%| O|  |TAMS 0x0000000083700000, 0x0000000083600000| Untracked 
|  19|0x0000000083700000, 0x0000000083800000, 0x0000000083800000|100%| O|  |TAMS 0x00000000837e2a00, 0x0000000083700000| Untracked 
|  20|0x0000000083800000, 0x0000000083900000, 0x0000000083900000|100%| O|  |TAMS 0x0000000083800000, 0x0000000083800000| Untracked 
|  21|0x0000000083900000, 0x0000000083a00000, 0x0000000083a00000|100%| O|  |TAMS 0x0000000083900000, 0x0000000083900000| Untracked 
|  22|0x0000000083a00000, 0x0000000083af1000, 0x0000000083b00000| 94%| O|  |TAMS 0x0000000083a00000, 0x0000000083a00000| Untracked 
|  23|0x0000000083b00000, 0x0000000083b00000, 0x0000000083c00000|  0%| F|  |TAMS 0x0000000083b00000, 0x0000000083b00000| Untracked 
|  24|0x0000000083c00000, 0x0000000083c00000, 0x0000000083d00000|  0%| F|  |TAMS 0x0000000083c00000, 0x0000000083c00000| Untracked 
|  25|0x0000000083d00000, 0x0000000083d00000, 0x0000000083e00000|  0%| F|  |TAMS 0x0000000083d00000, 0x0000000083d00000| Untracked 
|  26|0x0000000083e00000, 0x0000000083e00000, 0x0000000083f00000|  0%| F|  |TAMS 0x0000000083e00000, 0x0000000083e00000| Untracked 
|  27|0x0000000083f00000, 0x0000000083f00000, 0x0000000084000000|  0%| F|  |TAMS 0x0000000083f00000, 0x0000000083f00000| Untracked 
|  28|0x0000000084000000, 0x0000000084000000, 0x0000000084100000|  0%| F|  |TAMS 0x0000000084000000, 0x0000000084000000| Untracked 
|  29|0x0000000084100000, 0x0000000084100000, 0x0000000084200000|  0%| F|  |TAMS 0x0000000084100000, 0x0000000084100000| Untracked 
|  30|0x0000000084200000, 0x0000000084200000, 0x0000000084300000|  0%| F|  |TAMS 0x0000000084200000, 0x0000000084200000| Untracked 
|  31|0x0000000084300000, 0x0000000084300000, 0x0000000084400000|  0%| F|  |TAMS 0x0000000084300000, 0x0000000084300000| Untracked 
|  32|0x0000000084400000, 0x00000000844856c8, 0x0000000084500000| 52%| S|CS|TAMS 0x0000000084400000, 0x0000000084400000| Complete 
|  33|0x0000000084500000, 0x0000000084600000, 0x0000000084600000|100%| S|CS|TAMS 0x0000000084500000, 0x0000000084500000| Complete 
|  34|0x0000000084600000, 0x0000000084600000, 0x0000000084700000|  0%| F|  |TAMS 0x0000000084600000, 0x0000000084600000| Untracked 
|  35|0x0000000084700000, 0x0000000084700000, 0x0000000084800000|  0%| F|  |TAMS 0x0000000084700000, 0x0000000084700000| Untracked 
|  36|0x0000000084800000, 0x0000000084800000, 0x0000000084900000|  0%| F|  |TAMS 0x0000000084800000, 0x0000000084800000| Untracked 
|  37|0x0000000084900000, 0x0000000084900000, 0x0000000084a00000|  0%| F|  |TAMS 0x0000000084900000, 0x0000000084900000| Untracked 
|  38|0x0000000084a00000, 0x0000000084a00000, 0x0000000084b00000|  0%| F|  |TAMS 0x0000000084a00000, 0x0000000084a00000| Untracked 
|  39|0x0000000084b00000, 0x0000000084b00000, 0x0000000084c00000|  0%| F|  |TAMS 0x0000000084b00000, 0x0000000084b00000| Untracked 
|  40|0x0000000084c00000, 0x0000000084c00000, 0x0000000084d00000|  0%| F|  |TAMS 0x0000000084c00000, 0x0000000084c00000| Untracked 
|  41|0x0000000084d00000, 0x0000000084d00000, 0x0000000084e00000|  0%| F|  |TAMS 0x0000000084d00000, 0x0000000084d00000| Untracked 
|  42|0x0000000084e00000, 0x0000000084e00000, 0x0000000084f00000|  0%| F|  |TAMS 0x0000000084e00000, 0x0000000084e00000| Untracked 
|  43|0x0000000084f00000, 0x0000000084f00000, 0x0000000085000000|  0%| F|  |TAMS 0x0000000084f00000, 0x0000000084f00000| Untracked 
|  44|0x0000000085000000, 0x0000000085000000, 0x0000000085100000|  0%| F|  |TAMS 0x0000000085000000, 0x0000000085000000| Untracked 
|  45|0x0000000085100000, 0x0000000085100000, 0x0000000085200000|  0%| F|  |TAMS 0x0000000085100000, 0x0000000085100000| Untracked 
|  46|0x0000000085200000, 0x0000000085200000, 0x0000000085300000|  0%| F|  |TAMS 0x0000000085200000, 0x0000000085200000| Untracked 
|  47|0x0000000085300000, 0x0000000085300000, 0x0000000085400000|  0%| F|  |TAMS 0x0000000085300000, 0x0000000085300000| Untracked 
| 105|0x0000000088d00000, 0x0000000088d00000, 0x0000000088e00000|  0%| F|  |TAMS 0x0000000088d00000, 0x0000000088d00000| Untracked 
| 106|0x0000000088e00000, 0x0000000088e00000, 0x0000000088f00000|  0%| F|  |TAMS 0x0000000088e00000, 0x0000000088e00000| Untracked 
| 107|0x0000000088f00000, 0x0000000088f00000, 0x0000000089000000|  0%| F|  |TAMS 0x0000000088f00000, 0x0000000088f00000| Untracked 
| 108|0x0000000089000000, 0x0000000089000000, 0x0000000089100000|  0%| F|  |TAMS 0x0000000089000000, 0x0000000089000000| Untracked 
| 109|0x0000000089100000, 0x0000000089100000, 0x0000000089200000|  0%| F|  |TAMS 0x0000000089100000, 0x0000000089100000| Untracked 
| 125|0x000000008a100000, 0x000000008a100000, 0x000000008a200000|  0%| F|  |TAMS 0x000000008a100000, 0x000000008a100000| Untracked 

Card table byte_map: [0x0000020659370000,0x0000020659760000] _byte_map_base: 0x0000020658f5e000

Marking Bits (Prev, Next): (CMBitMap*) 0x000002064e3cf380, (CMBitMap*) 0x000002064e3cf3c0
 Prev Bits: [0x0000020659b50000, 0x000002065bac0000)
 Next Bits: [0x000002065bac0000, 0x000002065da30000)

Polling page: 0x000002064c290000

Metaspace:

Usage:
  Non-class:     37.85 MB used.
      Class:      6.21 MB used.
       Both:     44.06 MB used.

Virtual space:
  Non-class space:       64.00 MB reserved,      38.12 MB ( 60%) committed,  1 nodes.
      Class space:        1.00 GB reserved,       6.44 MB ( <1%) committed,  1 nodes.
             Both:        1.06 GB reserved,      44.56 MB (  4%) committed. 

Chunk freelists:
   Non-Class:  9.53 MB
       Class:  9.58 MB
        Both:  19.11 MB

MaxMetaspaceSize: unlimited
CompressedClassSpaceSize: 1.00 GB
Initial GC threshold: 21.00 MB
Current GC threshold: 59.31 MB
CDS: on
MetaspaceReclaimPolicy: balanced
 - commit_granule_bytes: 65536.
 - commit_granule_words: 8192.
 - virtual_space_node_default_size: 8388608.
 - enlarge_chunks_in_place: 1.
 - new_chunks_are_fully_committed: 0.
 - uncommit_free_chunks: 1.
 - use_allocation_guard: 0.
 - handle_deallocations: 1.


Internal statistics:

num_allocs_failed_limit: 6.
num_arena_births: 578.
num_arena_deaths: 0.
num_vsnodes_births: 2.
num_vsnodes_deaths: 0.
num_space_committed: 713.
num_space_uncommitted: 0.
num_chunks_returned_to_freelist: 6.
num_chunks_taken_from_freelist: 2182.
num_chunk_merges: 6.
num_chunk_splits: 1582.
num_chunks_enlarged: 1235.
num_inconsistent_stats: 0.

CodeCache: size=49152Kb used=8712Kb max_used=8712Kb free=40439Kb
 bounds [0x0000020655e70000, 0x0000020656700000, 0x0000020658e70000]
 total_blobs=5051 nmethods=4471 adapters=506
 compilation: enabled
              stopped_count=0, restarted_count=0
 full_count=0

Compilation events (20 events):
Event: 15.316 Thread 0x0000020660490420 nmethod 4461 0x00000206566eec10 code [0x00000206566eedc0, 0x00000206566eefc8]
Event: 15.316 Thread 0x0000020660490420 4463       1       org.hibernate.validator.internal.util.TypeVariables::isInternal (20 bytes)
Event: 15.316 Thread 0x00000206656ab850 nmethod 4462 0x00000206566ef110 code [0x00000206566ef2a0, 0x00000206566ef418]
Event: 15.316 Thread 0x00000206656ab850 4464       1       org.hibernate.validator.internal.metadata.raw.ConstrainedField::getField (5 bytes)
Event: 15.316 Thread 0x0000020660490420 nmethod 4463 0x00000206566ef490 code [0x00000206566ef620, 0x00000206566ef758]
Event: 15.316 Thread 0x0000020660490420 4465       1       org.hibernate.validator.internal.metadata.aggregated.PropertyMetaData$Builder::getPropertyName (62 bytes)
Event: 15.316 Thread 0x00000206656ab850 nmethod 4464 0x00000206566ef810 code [0x00000206566ef9a0, 0x00000206566efa78]
Event: 15.317 Thread 0x00000206656ab850 4466       1       org.hibernate.validator.internal.metadata.raw.ConstrainedExecutable::getCrossParameterConstraints (5 bytes)
Event: 15.317 Thread 0x00000206656ab850 nmethod 4466 0x00000206566efb10 code [0x00000206566efca0, 0x00000206566efd78]
Event: 15.317 Thread 0x00000206656ab850 4467       1       org.hibernate.validator.internal.metadata.aggregated.MetaDataBuilder::add (71 bytes)
Event: 15.317 Thread 0x0000020660490420 nmethod 4465 0x00000206566efe10 code [0x00000206566effe0, 0x00000206566f0348]
Event: 15.317 Thread 0x0000020660490420 4468       1       java.lang.reflect.Executable::sharedGetParameterAnnotations (96 bytes)
Event: 15.317 Thread 0x00000206656ab850 nmethod 4467 0x00000206566f0590 code [0x00000206566f0760, 0x00000206566f0a18]
Event: 15.318 Thread 0x0000020660490420 nmethod 4468 0x00000206566f0c10 code [0x00000206566f0e40, 0x00000206566f1558]
Event: 15.318 Thread 0x0000020660490420 4469       1       org.hibernate.validator.internal.metadata.aggregated.BeanMetaDataBuilder$BuilderDelegate::hashCode (5 bytes)
Event: 15.318 Thread 0x00000206656ab850 4470       1       org.hibernate.validator.internal.engine.MethodValidationConfiguration::getConfiguredRuleSet (5 bytes)
Event: 15.318 Thread 0x0000020660490420 nmethod 4469 0x00000206566f1910 code [0x00000206566f1aa0, 0x00000206566f1b78]
Event: 15.318 Thread 0x00000206656ab850 nmethod 4470 0x00000206566f1c10 code [0x00000206566f1da0, 0x00000206566f1e78]
Event: 15.319 Thread 0x00000206656ab850 4471       1       org.hibernate.validator.internal.properties.javabean.JavaBeanExecutable::hasReturnValue (5 bytes)
Event: 15.319 Thread 0x00000206656ab850 nmethod 4471 0x00000206566f1f10 code [0x00000206566f20a0, 0x00000206566f2178]

GC Heap History (20 events):
Event: 10.814 GC heap after
{Heap after GC invocations=3 (full 0):
 garbage-first heap   total 129024K, used 14000K [0x0000000082400000, 0x0000000100000000)
  region size 1024K, 6 young (6144K), 6 survivors (6144K)
 Metaspace       used 20470K, committed 20672K, reserved 1114112K
  class space    used 2791K, committed 2880K, reserved 1048576K
}
Event: 11.168 GC heap before
{Heap before GC invocations=3 (full 0):
 garbage-first heap   total 129024K, used 29360K [0x0000000082400000, 0x0000000100000000)
  region size 1024K, 22 young (22528K), 6 survivors (6144K)
 Metaspace       used 21321K, committed 21504K, reserved 1114112K
  class space    used 2928K, committed 3008K, reserved 1048576K
}
Event: 11.176 GC heap after
{Heap after GC invocations=4 (full 0):
 garbage-first heap   total 129024K, used 14890K [0x0000000082400000, 0x0000000100000000)
  region size 1024K, 5 young (5120K), 5 survivors (5120K)
 Metaspace       used 21321K, committed 21504K, reserved 1114112K
  class space    used 2928K, committed 3008K, reserved 1048576K
}
Event: 11.789 GC heap before
{Heap before GC invocations=5 (full 0):
 garbage-first heap   total 55296K, used 41514K [0x0000000082400000, 0x0000000100000000)
  region size 1024K, 32 young (32768K), 5 survivors (5120K)
 Metaspace       used 24626K, committed 25024K, reserved 1114112K
  class space    used 3443K, committed 3648K, reserved 1048576K
}
Event: 11.796 GC heap after
{Heap after GC invocations=6 (full 0):
 garbage-first heap   total 55296K, used 16661K [0x0000000082400000, 0x0000000100000000)
  region size 1024K, 4 young (4096K), 4 survivors (4096K)
 Metaspace       used 24626K, committed 25024K, reserved 1114112K
  class space    used 3443K, committed 3648K, reserved 1048576K
}
Event: 11.819 GC heap before
{Heap before GC invocations=6 (full 0):
 garbage-first heap   total 55296K, used 17685K [0x0000000082400000, 0x0000000100000000)
  region size 1024K, 5 young (5120K), 4 survivors (4096K)
 Metaspace       used 24821K, committed 25216K, reserved 1114112K
  class space    used 3473K, committed 3648K, reserved 1048576K
}
Event: 11.824 GC heap after
{Heap after GC invocations=7 (full 0):
 garbage-first heap   total 55296K, used 17032K [0x0000000082400000, 0x0000000100000000)
  region size 1024K, 1 young (1024K), 1 survivors (1024K)
 Metaspace       used 24821K, committed 25216K, reserved 1114112K
  class space    used 3473K, committed 3648K, reserved 1048576K
}
Event: 12.436 GC heap before
{Heap before GC invocations=7 (full 0):
 garbage-first heap   total 55296K, used 38536K [0x0000000082400000, 0x0000000100000000)
  region size 1024K, 22 young (22528K), 1 survivors (1024K)
 Metaspace       used 27989K, committed 28352K, reserved 1114112K
  class space    used 4009K, committed 4160K, reserved 1048576K
}
Event: 12.441 GC heap after
{Heap after GC invocations=8 (full 0):
 garbage-first heap   total 55296K, used 18686K [0x0000000082400000, 0x0000000100000000)
  region size 1024K, 3 young (3072K), 3 survivors (3072K)
 Metaspace       used 27989K, committed 28352K, reserved 1114112K
  class space    used 4009K, committed 4160K, reserved 1048576K
}
Event: 13.128 GC heap before
{Heap before GC invocations=8 (full 0):
 garbage-first heap   total 55296K, used 39166K [0x0000000082400000, 0x0000000100000000)
  region size 1024K, 23 young (23552K), 3 survivors (3072K)
 Metaspace       used 30533K, committed 30912K, reserved 1114112K
  class space    used 4310K, committed 4480K, reserved 1048576K
}
Event: 13.134 GC heap after
{Heap after GC invocations=9 (full 0):
 garbage-first heap   total 55296K, used 20439K [0x0000000082400000, 0x0000000100000000)
  region size 1024K, 2 young (2048K), 2 survivors (2048K)
 Metaspace       used 30533K, committed 30912K, reserved 1114112K
  class space    used 4310K, committed 4480K, reserved 1048576K
}
Event: 13.681 GC heap before
{Heap before GC invocations=9 (full 0):
 garbage-first heap   total 55296K, used 39895K [0x0000000082400000, 0x0000000100000000)
  region size 1024K, 21 young (21504K), 2 survivors (2048K)
 Metaspace       used 34124K, committed 34624K, reserved 1114112K
  class space    used 4826K, committed 5056K, reserved 1048576K
}
Event: 13.686 GC heap after
{Heap after GC invocations=10 (full 0):
 garbage-first heap   total 55296K, used 21427K [0x0000000082400000, 0x0000000100000000)
  region size 1024K, 2 young (2048K), 2 survivors (2048K)
 Metaspace       used 34124K, committed 34624K, reserved 1114112K
  class space    used 4826K, committed 5056K, reserved 1048576K
}
Event: 13.866 GC heap before
{Heap before GC invocations=10 (full 0):
 garbage-first heap   total 55296K, used 27571K [0x0000000082400000, 0x0000000100000000)
  region size 1024K, 9 young (9216K), 2 survivors (2048K)
 Metaspace       used 35742K, committed 36160K, reserved 1114112K
  class space    used 5085K, committed 5248K, reserved 1048576K
}
Event: 13.868 GC heap after
{Heap after GC invocations=11 (full 0):
 garbage-first heap   total 55296K, used 21710K [0x0000000082400000, 0x0000000100000000)
  region size 1024K, 2 young (2048K), 2 survivors (2048K)
 Metaspace       used 35742K, committed 36160K, reserved 1114112K
  class space    used 5085K, committed 5248K, reserved 1048576K
}
Event: 14.727 GC heap before
{Heap before GC invocations=12 (full 0):
 garbage-first heap   total 55296K, used 41166K [0x0000000082400000, 0x0000000100000000)
  region size 1024K, 22 young (22528K), 2 survivors (2048K)
 Metaspace       used 41436K, committed 41920K, reserved 1114112K
  class space    used 5868K, committed 6144K, reserved 1048576K
}
Event: 14.732 GC heap after
{Heap after GC invocations=13 (full 0):
 garbage-first heap   total 55296K, used 22967K [0x0000000082400000, 0x0000000100000000)
  region size 1024K, 3 young (3072K), 3 survivors (3072K)
 Metaspace       used 41436K, committed 41920K, reserved 1114112K
  class space    used 5868K, committed 6144K, reserved 1048576K
}
Event: 14.773 GC heap before
{Heap before GC invocations=13 (full 0):
 garbage-first heap   total 55296K, used 23991K [0x0000000082400000, 0x0000000100000000)
  region size 1024K, 4 young (4096K), 3 survivors (3072K)
 Metaspace       used 41708K, committed 42176K, reserved 1114112K
  class space    used 5908K, committed 6144K, reserved 1048576K
}
Event: 14.777 GC heap after
{Heap after GC invocations=14 (full 0):
 garbage-first heap   total 55296K, used 22820K [0x0000000082400000, 0x0000000100000000)
  region size 1024K, 1 young (1024K), 1 survivors (1024K)
 Metaspace       used 41708K, committed 42176K, reserved 1114112K
  class space    used 5908K, committed 6144K, reserved 1048576K
}
Event: 15.319 GC heap before
{Heap before GC invocations=14 (full 0):
 garbage-first heap   total 55296K, used 42276K [0x0000000082400000, 0x0000000100000000)
  region size 1024K, 20 young (20480K), 1 survivors (1024K)
 Metaspace       used 45115K, committed 45632K, reserved 1114112K
  class space    used 6361K, committed 6592K, reserved 1048576K
}

Dll operation events (13 events):
Event: 0.507 Loaded shared library C:\Users\nguye\.jdks\corretto-17.0.9\bin\java.dll
Event: 0.668 Loaded shared library C:\Users\nguye\.jdks\corretto-17.0.9\bin\jsvml.dll
Event: 0.907 Loaded shared library C:\Users\nguye\.jdks\corretto-17.0.9\bin\zip.dll
Event: 0.911 Loaded shared library C:\Users\nguye\.jdks\corretto-17.0.9\bin\instrument.dll
Event: 0.924 Loaded shared library C:\Users\nguye\.jdks\corretto-17.0.9\bin\net.dll
Event: 0.928 Loaded shared library C:\Users\nguye\.jdks\corretto-17.0.9\bin\nio.dll
Event: 0.933 Loaded shared library C:\Users\nguye\.jdks\corretto-17.0.9\bin\zip.dll
Event: 3.439 Loaded shared library E:\App\IntelliJ IDEA 2023.3\bin\breakgen64.dll
Event: 3.642 Loaded shared library C:\Users\nguye\.jdks\corretto-17.0.9\bin\jimage.dll
Event: 3.853 Loaded shared library C:\Users\nguye\.jdks\corretto-17.0.9\bin\management.dll
Event: 3.901 Loaded shared library C:\Users\nguye\.jdks\corretto-17.0.9\bin\management_ext.dll
Event: 12.749 Loaded shared library C:\Users\nguye\.jdks\corretto-17.0.9\bin\sunmscapi.dll
Event: 13.742 Loaded shared library C:\Users\nguye\.jdks\corretto-17.0.9\bin\verify.dll

Deoptimization events (8 events):
Event: 7.525 Thread 0x0000020665603f20 DEOPT PACKING pc=0x00000206562df119 sp=0x0000004dbf1fc830
Event: 7.525 Thread 0x0000020665603f20 DEOPT UNPACKING pc=0x0000020655ec7143 sp=0x0000004dbf1fbd10 mode 3
Event: 8.808 Thread 0x0000020665603f20 DEOPT PACKING pc=0x000002065635fbd5 sp=0x0000004dbf1fcd10
Event: 8.808 Thread 0x0000020665603f20 DEOPT UNPACKING pc=0x0000020655ec7143 sp=0x0000004dbf1fc1b8 mode 3
Event: 13.121 Thread 0x0000020665603f20 DEOPT PACKING pc=0x00000206565dc69d sp=0x0000004dbf1fbb30
Event: 13.121 Thread 0x0000020665603f20 DEOPT UNPACKING pc=0x0000020655ec7143 sp=0x0000004dbf1fb098 mode 3
Event: 13.172 Thread 0x00000206661548f0 DEOPT PACKING pc=0x00000206562dc181 sp=0x0000004dbf4fefb0
Event: 13.172 Thread 0x00000206661548f0 DEOPT UNPACKING pc=0x0000020655ec7143 sp=0x0000004dbf4fe440 mode 3

Classes unloaded (0 events):
No events

Classes redefined (0 events):
No events

Internal exceptions (20 events):
Event: 12.369 Thread 0x0000020665603f20 Exception <a 'java/lang/IncompatibleClassChangeError'{0x00000000846a3f68}: Found class java.lang.Object, but interface was expected> (0x00000000846a3f68) 
thrown [s\src\hotspot\share\interpreter\linkResolver.cpp, line 826]
Event: 12.373 Thread 0x0000020665603f20 Exception <a 'java/lang/NoSuchMethodError'{0x00000000846bcde0}: 'void java.lang.invoke.DirectMethodHandle$Holder.invokeStatic(java.lang.Object, int, java.lang.Object)'> (0x00000000846bcde0) 
thrown [s\src\hotspot\share\interpreter\linkResolver.cpp, line 759]
Event: 12.383 Thread 0x0000020665603f20 Exception <a 'java/lang/NoSuchMethodError'{0x00000000846f8f40}: 'void java.lang.invoke.DirectMethodHandle$Holder.invokeVirtual(java.lang.Object, java.lang.Object, int)'> (0x00000000846f8f40) 
thrown [s\src\hotspot\share\interpreter\linkResolver.cpp, line 759]
Event: 12.384 Thread 0x0000020665603f20 Exception <a 'java/lang/NoSuchMethodError'{0x00000000846ff1f8}: 'void java.lang.invoke.DirectMethodHandle$Holder.invokeStatic(java.lang.Object, java.lang.Object, java.lang.Object, int, java.lang.Object)'> (0x00000000846ff1f8) 
thrown [s\src\hotspot\share\interpreter\linkResolver.cpp, line 759]
Event: 12.385 Thread 0x0000020665603f20 Exception <a 'java/lang/NoSuchMethodError'{0x0000000084506918}: 'java.lang.Object java.lang.invoke.DirectMethodHandle$Holder.newInvokeSpecial(java.lang.Object, java.lang.Object, java.lang.Object, int)'> (0x0000000084506918) 
thrown [s\src\hotspot\share\interpreter\linkResolver.cpp, line 759]
Event: 12.385 Thread 0x0000020665603f20 Exception <a 'java/lang/NoSuchMethodError'{0x000000008450ac00}: 'java.lang.Object java.lang.invoke.DirectMethodHandle$Holder.invokeSpecial(java.lang.Object, java.lang.Object, java.lang.Object, java.lang.Object, int)'> (0x000000008450ac00) 
thrown [s\src\hotspot\share\interpreter\linkResolver.cpp, line 759]
Event: 12.386 Thread 0x0000020665603f20 Exception <a 'java/lang/NoSuchMethodError'{0x000000008450e7c8}: 'java.lang.Object java.lang.invoke.Invokers$Holder.linkToTargetMethod(java.lang.Object, java.lang.Object, int, java.lang.Object)'> (0x000000008450e7c8) 
thrown [s\src\hotspot\share\interpreter\linkResolver.cpp, line 759]
Event: 12.833 Thread 0x0000020665603f20 Exception <a 'sun/nio/fs/WindowsException'{0x0000000084d13da0}> (0x0000000084d13da0) 
thrown [s\src\hotspot\share\prims\jni.cpp, line 516]
Event: 12.836 Thread 0x0000020665603f20 Exception <a 'sun/nio/fs/WindowsException'{0x0000000084d19798}> (0x0000000084d19798) 
thrown [s\src\hotspot\share\prims\jni.cpp, line 516]
Event: 12.836 Thread 0x0000020665603f20 Exception <a 'sun/nio/fs/WindowsException'{0x0000000084d19e70}> (0x0000000084d19e70) 
thrown [s\src\hotspot\share\prims\jni.cpp, line 516]
Event: 12.882 Thread 0x0000020665603f20 Exception <a 'java/lang/NoSuchMethodError'{0x0000000084c1fb00}: 'java.lang.Object java.lang.invoke.DirectMethodHandle$Holder.invokeSpecial(java.lang.Object, java.lang.Object, long, java.lang.Object, java.lang.Object, java.lang.Object, java.lang.Object, java.lang.Object, java.lang.Object)'> (0x0000000084c1fb00) 
thrown [s\src\hotspot\share\interpreter\linkResolver.cpp, line 759]
Event: 12.882 Thread 0x0000020665603f20 Exception <a 'java/lang/NoSuchMethodError'{0x0000000084c24628}: 'java.lang.Object java.lang.invoke.DelegatingMethodHandle$Holder.reinvoke_L(java.lang.Object, long, java.lang.Object, java.lang.Object, java.lang.Object, java.lang.Object, java.lang.Object, java.lang.Object)'> (0x0000000084c24628) 
thrown [s\src\hotspot\share\interpreter\linkResolver.cpp, line 759]
Event: 12.964 Thread 0x0000020665603f20 Exception <a 'java/io/FileNotFoundException'{0x0000000084becae8}> (0x0000000084becae8) 
thrown [s\src\hotspot\share\prims\jni.cpp, line 516]
Event: 13.006 Thread 0x0000020665603f20 Exception <a 'java/lang/NoSuchMethodError'{0x0000000084960ff0}: 'int java.lang.invoke.DirectMethodHandle$Holder.invokeInterface(java.lang.Object, java.lang.Object, java.lang.Object, java.lang.Object)'> (0x0000000084960ff0) 
thrown [s\src\hotspot\share\interpreter\linkResolver.cpp, line 759]
Event: 13.142 Thread 0x0000020665603f20 Exception <a 'java/lang/NoSuchMethodError'{0x000000008a120f48}: 'long java.lang.invoke.DirectMethodHandle$Holder.invokeVirtual(java.lang.Object, java.lang.Object)'> (0x000000008a120f48) 
thrown [s\src\hotspot\share\interpreter\linkResolver.cpp, line 759]
Event: 13.152 Thread 0x0000020665603f20 Exception <a 'java/io/FileNotFoundException'{0x000000008a1524d8}> (0x000000008a1524d8) 
thrown [s\src\hotspot\share\prims\jni.cpp, line 516]
Event: 13.323 Thread 0x0000020665603f20 Exception <a 'sun/nio/fs/WindowsException'{0x000000008528d520}> (0x000000008528d520) 
thrown [s\src\hotspot\share\prims\jni.cpp, line 516]
Event: 14.004 Thread 0x0000020665603f20 Exception <a 'java/lang/NoSuchMethodError'{0x0000000088e989d0}: 'int java.lang.invoke.DirectMethodHandle$Holder.invokeStaticInit(java.lang.Object, java.lang.Object, java.lang.Object, java.lang.Object)'> (0x0000000088e989d0) 
thrown [s\src\hotspot\share\interpreter\linkResolver.cpp, line 759]
Event: 14.277 Thread 0x0000020665603f20 Exception <a 'sun/nio/fs/WindowsException'{0x00000000853dfc30}> (0x00000000853dfc30) 
thrown [s\src\hotspot\share\prims\jni.cpp, line 516]
Event: 14.577 Thread 0x0000020665603f20 Exception <a 'java/lang/NoSuchMethodError'{0x0000000084941420}: 'java.lang.Object java.lang.invoke.DirectMethodHandle$Holder.invokeStaticInit(java.lang.Object, java.lang.Object, java.lang.Object, java.lang.Object)'> (0x0000000084941420) 
thrown [s\src\hotspot\share\interpreter\linkResolver.cpp, line 759]

VM Operations (20 events):
Event: 13.686 Executing VM operation: G1CollectForAllocation done
Event: 13.866 Executing VM operation: CollectForMetadataAllocation
Event: 13.868 Executing VM operation: CollectForMetadataAllocation done
Event: 13.892 Executing VM operation: G1PauseRemark
Event: 13.894 Executing VM operation: G1PauseRemark done
Event: 13.906 Executing VM operation: G1PauseCleanup
Event: 13.907 Executing VM operation: G1PauseCleanup done
Event: 14.275 Executing VM operation: HandshakeAllThreads
Event: 14.275 Executing VM operation: HandshakeAllThreads done
Event: 14.279 Executing VM operation: HandshakeAllThreads
Event: 14.279 Executing VM operation: HandshakeAllThreads done
Event: 14.337 Executing VM operation: HandshakeAllThreads
Event: 14.337 Executing VM operation: HandshakeAllThreads done
Event: 14.727 Executing VM operation: G1CollectForAllocation
Event: 14.733 Executing VM operation: G1CollectForAllocation done
Event: 14.773 Executing VM operation: G1CollectForAllocation
Event: 14.777 Executing VM operation: G1CollectForAllocation done
Event: 14.798 Executing VM operation: HandshakeAllThreads
Event: 14.798 Executing VM operation: HandshakeAllThreads done
Event: 15.319 Executing VM operation: G1CollectForAllocation

Events (20 events):
Event: 15.020 loading class java/math/MutableBigInteger
Event: 15.021 loading class java/math/MutableBigInteger done
Event: 15.079 loading class java/io/StringWriter
Event: 15.080 loading class java/io/StringWriter done
Event: 15.106 loading class javax/naming/RefAddr
Event: 15.106 loading class javax/naming/RefAddr done
Event: 15.106 loading class javax/naming/StringRefAddr
Event: 15.106 loading class javax/naming/StringRefAddr done
Event: 15.150 loading class java/util/concurrent/CompletionStage
Event: 15.150 loading class java/util/concurrent/CompletionStage done
Event: 15.152 loading class java/util/concurrent/CompletableFuture
Event: 15.153 loading class java/util/concurrent/CompletableFuture done
Event: 15.153 loading class java/util/concurrent/CompletableFuture$AltResult
Event: 15.154 loading class java/util/concurrent/CompletableFuture$AltResult done
Event: 15.154 loading class java/util/concurrent/CompletableFuture$Completion
Event: 15.154 loading class java/util/concurrent/CompletableFuture$AsynchronousCompletionTask
Event: 15.154 loading class java/util/concurrent/CompletableFuture$AsynchronousCompletionTask done
Event: 15.154 loading class java/util/concurrent/CompletableFuture$Completion done
Event: 15.274 loading class sun/reflect/annotation/TypeAnnotation$TypeAnnotationTargetInfo
Event: 15.275 loading class sun/reflect/annotation/TypeAnnotation$TypeAnnotationTargetInfo done


Dynamic libraries:
0x00007ff7b6500000 - 0x00007ff7b650e000 	C:\Users\nguye\.jdks\corretto-17.0.9\bin\java.exe
0x00007ffa87490000 - 0x00007ffa876a7000 	C:\WINDOWS\SYSTEM32\ntdll.dll
0x00007ffa85fb0000 - 0x00007ffa86074000 	C:\WINDOWS\System32\KERNEL32.DLL
0x00007ffa84910000 - 0x00007ffa84cb6000 	C:\WINDOWS\System32\KERNELBASE.dll
0x00007ffa850c0000 - 0x00007ffa851d1000 	C:\WINDOWS\System32\ucrtbase.dll
0x00007ffa5e2b0000 - 0x00007ffa5e2cb000 	C:\Users\nguye\.jdks\corretto-17.0.9\bin\VCRUNTIME140.dll
0x00007ffa638b0000 - 0x00007ffa638c7000 	C:\Users\nguye\.jdks\corretto-17.0.9\bin\jli.dll
0x00007ffa871c0000 - 0x00007ffa8736e000 	C:\WINDOWS\System32\USER32.dll
0x00007ffa6fb20000 - 0x00007ffa6fdb3000 	C:\WINDOWS\WinSxS\amd64_microsoft.windows.common-controls_6595b64144ccf1df_6.0.22621.2506_none_270c5ae97388e100\COMCTL32.dll
0x00007ffa84d80000 - 0x00007ffa84da6000 	C:\WINDOWS\System32\win32u.dll
0x00007ffa85f00000 - 0x00007ffa85fa7000 	C:\WINDOWS\System32\msvcrt.dll
0x00007ffa855c0000 - 0x00007ffa855e9000 	C:\WINDOWS\System32\GDI32.dll
0x00007ffa84fa0000 - 0x00007ffa850b8000 	C:\WINDOWS\System32\gdi32full.dll
0x00007ffa84800000 - 0x00007ffa8489a000 	C:\WINDOWS\System32\msvcp_win.dll
0x00007ffa86630000 - 0x00007ffa86661000 	C:\WINDOWS\System32\IMM32.DLL
0x00007ffa68d30000 - 0x00007ffa68d3c000 	C:\Users\nguye\.jdks\corretto-17.0.9\bin\vcruntime140_1.dll
0x00007ffa563c0000 - 0x00007ffa5644d000 	C:\Users\nguye\.jdks\corretto-17.0.9\bin\msvcp140.dll
0x00007ffa08fa0000 - 0x00007ffa09c01000 	C:\Users\nguye\.jdks\corretto-17.0.9\bin\server\jvm.dll
0x00007ffa85e40000 - 0x00007ffa85ef1000 	C:\WINDOWS\System32\ADVAPI32.dll
0x00007ffa86080000 - 0x00007ffa86125000 	C:\WINDOWS\System32\sechost.dll
0x00007ffa85bc0000 - 0x00007ffa85cd7000 	C:\WINDOWS\System32\RPCRT4.dll
0x00007ffa83650000 - 0x00007ffa8369d000 	C:\WINDOWS\SYSTEM32\POWRPROF.dll
0x00007ffa82360000 - 0x00007ffa8236a000 	C:\WINDOWS\SYSTEM32\VERSION.dll
0x00007ffa78ce0000 - 0x00007ffa78d14000 	C:\WINDOWS\SYSTEM32\WINMM.dll
0x00007ffa62480000 - 0x00007ffa62489000 	C:\WINDOWS\SYSTEM32\WSOCK32.dll
0x00007ffa85400000 - 0x00007ffa85471000 	C:\WINDOWS\System32\WS2_32.dll
0x00007ffa83630000 - 0x00007ffa83643000 	C:\WINDOWS\SYSTEM32\UMPDC.dll
0x00007ffa838f0000 - 0x00007ffa83908000 	C:\WINDOWS\SYSTEM32\kernel.appcore.dll
0x00007ffa68c90000 - 0x00007ffa68c9a000 	C:\Users\nguye\.jdks\corretto-17.0.9\bin\jimage.dll
0x00007ffa81820000 - 0x00007ffa81a53000 	C:\WINDOWS\SYSTEM32\DBGHELP.DLL
0x00007ffa861e0000 - 0x00007ffa86569000 	C:\WINDOWS\System32\combase.dll
0x00007ffa87370000 - 0x00007ffa87447000 	C:\WINDOWS\System32\OLEAUT32.dll
0x00007ffa57210000 - 0x00007ffa57242000 	C:\WINDOWS\SYSTEM32\dbgcore.DLL
0x00007ffa84f20000 - 0x00007ffa84f9a000 	C:\WINDOWS\System32\bcryptPrimitives.dll
0x00007ffa5c440000 - 0x00007ffa5c44e000 	C:\Users\nguye\.jdks\corretto-17.0.9\bin\instrument.dll
0x00007ffa57250000 - 0x00007ffa57275000 	C:\Users\nguye\.jdks\corretto-17.0.9\bin\java.dll
0x00007ffa3e420000 - 0x00007ffa3e4f7000 	C:\Users\nguye\.jdks\corretto-17.0.9\bin\jsvml.dll
0x00007ffa86960000 - 0x00007ffa871ba000 	C:\WINDOWS\System32\SHELL32.dll
0x00007ffa82730000 - 0x00007ffa83026000 	C:\WINDOWS\SYSTEM32\windows.storage.dll
0x00007ffa825f0000 - 0x00007ffa8272e000 	C:\WINDOWS\SYSTEM32\wintypes.dll
0x00007ffa85480000 - 0x00007ffa85573000 	C:\WINDOWS\System32\SHCORE.dll
0x00007ffa85de0000 - 0x00007ffa85e3e000 	C:\WINDOWS\System32\shlwapi.dll
0x00007ffa84730000 - 0x00007ffa84756000 	C:\WINDOWS\SYSTEM32\profapi.dll
0x00007ffa561f0000 - 0x00007ffa56208000 	C:\Users\nguye\.jdks\corretto-17.0.9\bin\zip.dll
0x00007ffa56850000 - 0x00007ffa56869000 	C:\Users\nguye\.jdks\corretto-17.0.9\bin\net.dll
0x00007ffa80830000 - 0x00007ffa80967000 	C:\WINDOWS\SYSTEM32\WINHTTP.dll
0x00007ffa83d70000 - 0x00007ffa83dd9000 	C:\WINDOWS\system32\mswsock.dll
0x00007ffa56510000 - 0x00007ffa56526000 	C:\Users\nguye\.jdks\corretto-17.0.9\bin\nio.dll
0x00007ffa56bf0000 - 0x00007ffa56c0a000 	E:\App\IntelliJ IDEA 2023.3\bin\breakgen64.dll
0x00007ffa83330000 - 0x00007ffa83429000 	C:\WINDOWS\SYSTEM32\DNSAPI.dll
0x00007ffa83300000 - 0x00007ffa8332d000 	C:\WINDOWS\SYSTEM32\IPHLPAPI.DLL
0x00007ffa86850000 - 0x00007ffa86859000 	C:\WINDOWS\System32\NSI.dll
0x00007ffa762d0000 - 0x00007ffa762da000 	C:\Windows\System32\rasadhlp.dll
0x00007ffa76f20000 - 0x00007ffa76fa3000 	C:\WINDOWS\System32\fwpuclnt.dll
0x00007ffa66050000 - 0x00007ffa66059000 	C:\Users\nguye\.jdks\corretto-17.0.9\bin\management.dll
0x00007ffa64170000 - 0x00007ffa6417b000 	C:\Users\nguye\.jdks\corretto-17.0.9\bin\management_ext.dll
0x00007ffa855a0000 - 0x00007ffa855a8000 	C:\WINDOWS\System32\PSAPI.DLL
0x00007ffa83fc0000 - 0x00007ffa83fdb000 	C:\WINDOWS\SYSTEM32\CRYPTSP.dll
0x00007ffa83850000 - 0x00007ffa83885000 	C:\WINDOWS\system32\rsaenh.dll
0x00007ffa83e60000 - 0x00007ffa83e8c000 	C:\WINDOWS\SYSTEM32\USERENV.dll
0x00007ffa841b0000 - 0x00007ffa841d8000 	C:\WINDOWS\SYSTEM32\bcrypt.dll
0x00007ffa83fe0000 - 0x00007ffa83fec000 	C:\WINDOWS\SYSTEM32\CRYPTBASE.dll
0x00007ffa79600000 - 0x00007ffa79619000 	C:\WINDOWS\SYSTEM32\dhcpcsvc6.DLL
0x00007ffa795e0000 - 0x00007ffa795ff000 	C:\WINDOWS\SYSTEM32\dhcpcsvc.DLL
0x00007ffa2f210000 - 0x00007ffa2f227000 	C:\WINDOWS\system32\napinsp.dll
0x00007ffa2f1f0000 - 0x00007ffa2f20b000 	C:\WINDOWS\system32\pnrpnsp.dll
0x00007ffa2f1d0000 - 0x00007ffa2f1e1000 	C:\WINDOWS\System32\winrnr.dll
0x00007ffa53a10000 - 0x00007ffa53a25000 	C:\WINDOWS\system32\wshbth.dll
0x00007ffa2f1a0000 - 0x00007ffa2f1c1000 	C:\WINDOWS\system32\nlansp_c.dll
0x00007ffa63d20000 - 0x00007ffa63d2e000 	C:\Users\nguye\.jdks\corretto-17.0.9\bin\sunmscapi.dll
0x00007ffa84db0000 - 0x00007ffa84f16000 	C:\WINDOWS\System32\CRYPT32.dll
0x00007ffa84180000 - 0x00007ffa841ad000 	C:\WINDOWS\SYSTEM32\ncrypt.dll
0x00007ffa84140000 - 0x00007ffa84177000 	C:\WINDOWS\SYSTEM32\NTASN1.dll
0x00007ffa636d0000 - 0x00007ffa636e0000 	C:\Users\nguye\.jdks\corretto-17.0.9\bin\verify.dll

dbghelp: loaded successfully - version: 4.0.5 - missing functions: none
symbol engine: initialized successfully - sym options: 0x614 - pdb path: .;C:\Users\nguye\.jdks\corretto-17.0.9\bin;C:\WINDOWS\SYSTEM32;C:\WINDOWS\WinSxS\amd64_microsoft.windows.common-controls_6595b64144ccf1df_6.0.22621.2506_none_270c5ae97388e100;C:\Users\nguye\.jdks\corretto-17.0.9\bin\server;E:\App\IntelliJ IDEA 2023.3\bin

VM Arguments:
jvm_args: -XX:TieredStopAtLevel=1 -Dspring.output.ansi.enabled=always -Dcom.sun.management.jmxremote -Dspring.jmx.enabled=true -Dspring.liveBeansView.mbeanDomain -Dspring.application.admin.enabled=true -Dmanagement.endpoints.jmx.exposure.include=* -javaagent:E:\App\IntelliJ IDEA 2023.3\lib\idea_rt.jar=57186:E:\App\IntelliJ IDEA 2023.3\bin -Dfile.encoding=UTF-8 
java_command: com.example.demo.UberDoctorApplication
java_class_path (initial): D:\Aptech\HK4\5.Project\api\uber_doctor_api\target\classes;C:\Users\nguye\.m2\repository\org\springframework\boot\spring-boot-starter-data-jpa\3.1.4\spring-boot-starter-data-jpa-3.1.4.jar;C:\Users\nguye\.m2\repository\org\springframework\boot\spring-boot-starter-aop\3.1.4\spring-boot-starter-aop-3.1.4.jar;C:\Users\nguye\.m2\repository\org\aspectj\aspectjweaver\1.9.20\aspectjweaver-1.9.20.jar;C:\Users\nguye\.m2\repository\org\springframework\boot\spring-boot-starter-jdbc\3.1.4\spring-boot-starter-jdbc-3.1.4.jar;C:\Users\nguye\.m2\repository\com\zaxxer\HikariCP\5.0.1\HikariCP-5.0.1.jar;C:\Users\nguye\.m2\repository\org\springframework\spring-jdbc\6.0.12\spring-jdbc-6.0.12.jar;C:\Users\nguye\.m2\repository\org\hibernate\orm\hibernate-core\6.2.9.Final\hibernate-core-6.2.9.Final.jar;C:\Users\nguye\.m2\repository\jakarta\persistence\jakarta.persistence-api\3.1.0\jakarta.persistence-api-3.1.0.jar;C:\Users\nguye\.m2\repository\jakarta\transaction\jakarta.transaction-api\2.0.1\jakarta.transaction-api-2.0.1.jar;C:\Users\nguye\.m2\repository\org\jboss\logging\jboss-logging\3.5.3.Final\jboss-logging-3.5.3.Final.jar;C:\Users\nguye\.m2\repository\org\hibernate\common\hibernate-commons-annotations\6.0.6.Final\hibernate-commons-annotations-6.0.6.Final.jar;C:\Users\nguye\.m2\repository\io\smallrye\jandex\3.0.5\jandex-3.0.5.jar;C:\Users\nguye\.m2\repository\com\fasterxml\classmate\1.5.1\classmate-1.5.1.jar;C:\Users\nguye\.m2\repository\net\bytebuddy\byte-buddy\1.14.8\byte-buddy-1.14.8.jar;C:\Users\nguye\.m2\repository\org\glassfish\jaxb\jaxb-runtime\4.0.3\jaxb-runtime-4.0.3.jar;C:\Users\nguye\.m2\repository\org\glassfish\jaxb\jaxb-core\4.0.3\jaxb-core-4.0.3.jar;C:\Users\nguye\.m2\repository\org\glassfish\jaxb\txw2\4.0.3\txw2-4.0.3.jar;C:\Users\nguye\.m2\repository\com\sun\istack\istack-commons-runtime\4.1.2\istack-commons-runtime-4.1.2.jar;C:\Users\nguye\.m2\repository\jakarta\inject\jakarta.inject-api\2.0.1\jakarta.inject-api-2.0.1.jar;C:\Users\nguye\.m2
Launcher Type: SUN_STANDARD

[Global flags]
     intx CICompilerCount                          = 4                                         {product} {ergonomic}
     uint ConcGCThreads                            = 2                                         {product} {ergonomic}
     uint G1ConcRefinementThreads                  = 8                                         {product} {ergonomic}
   size_t G1HeapRegionSize                         = 1048576                                   {product} {ergonomic}
    uintx GCDrainStackTargetSize                   = 64                                        {product} {ergonomic}
   size_t InitialHeapSize                          = 132120576                                 {product} {ergonomic}
     bool ManagementServer                         = true                                      {product} {command line}
   size_t MarkStackSize                            = 4194304                                   {product} {ergonomic}
   size_t MaxHeapSize                              = 2109734912                                {product} {ergonomic}
   size_t MaxNewSize                               = 1265631232                                {product} {ergonomic}
   size_t MinHeapDeltaBytes                        = 1048576                                   {product} {ergonomic}
   size_t MinHeapSize                              = 8388608                                   {product} {ergonomic}
    uintx NonProfiledCodeHeapSize                  = 0                                      {pd product} {ergonomic}
     bool ProfileInterpreter                       = false                                  {pd product} {command line}
    uintx ProfiledCodeHeapSize                     = 0                                      {pd product} {ergonomic}
   size_t SoftMaxHeapSize                          = 2109734912                             {manageable} {ergonomic}
     intx TieredStopAtLevel                        = 1                                         {product} {command line}
     bool UseCompressedClassPointers               = true                           {product lp64_product} {ergonomic}
     bool UseCompressedOops                        = true                           {product lp64_product} {ergonomic}
     bool UseG1GC                                  = true                                      {product} {ergonomic}
     bool UseLargePagesIndividualAllocation        = false                                  {pd product} {ergonomic}

Logging:
Log output configuration:
 #0: stdout all=warning uptime,level,tags
 #1: stderr all=off uptime,level,tags

Environment Variables:
JAVA_HOME=C:\Program Files\Java\jdk-17
PATH=C:\WINDOWS\system32;C:\WINDOWS;C:\WINDOWS\System32\Wbem;C:\WINDOWS\System32\WindowsPowerShell\v1.0\;C:\WINDOWS\System32\OpenSSH\;C:\Program Files\Intel\WiFi\bin\;C:\Program Files\Common Files\Intel\WirelessCommon\;C:\Program Files\Git\cmd;C:\Program Files\Java\jdk-17\bin;C:\Users\nguye\AppData\Local\Microsoft\WindowsApps;C:\Users\nguye\AppData\Local\Programs\Microsoft VS Code\bin;C:\flutter\bin;;E:\App\IntelliJ IDEA 2023.3\bin;
USERNAME=nguye
OS=Windows_NT
PROCESSOR_IDENTIFIER=Intel64 Family 6 Model 142 Stepping 10, GenuineIntel
TMP=C:\Users\nguye\AppData\Local\Temp
TEMP=C:\Users\nguye\AppData\Local\Temp



Periodic native trim disabled


---------------  S Y S T E M  ---------------

OS:
 Windows 11 , 64 bit Build 22621 (10.0.22621.2506)
OS uptime: 0 days 1:57 hours

CPU: total 8 (initial active 8) (4 cores per cpu, 2 threads per core) family 6 model 142 stepping 10 microcode 0xe0, cx8, cmov, fxsr, ht, mmx, 3dnowpref, sse, sse2, sse3, ssse3, sse4.1, sse4.2, popcnt, lzcnt, tsc, tscinvbit, avx, avx2, aes, erms, clmul, bmi1, bmi2, adx, fma, vzeroupper, clflush, clflushopt
Processor Information for all 8 processors :
  Max Mhz: 1800, Current Mhz: 1600, Mhz Limit: 1584

Memory: 4k page, system-wide physical 8045M (162M free)
TotalPageFile size 20733M (AvailPageFile size 36M)
current process WorkingSet (physical memory assigned to process): 150M, peak: 150M
current process commit charge ("private bytes"): 209M, peak: 251M

vm_info: OpenJDK 64-Bit Server VM (17.0.9+8-LTS) for windows-amd64 JRE (17.0.9+8-LTS), built on Oct 12 2023 16:15:33 by "Administrator" with MS VC++ 16.10 / 16.11 (VS2019)

END.
